<?xml version="1.0" encoding="UTF-8"?>
<!-- Generated by org.testng.reporters.JUnitReportReporter -->
<testsuite skipped="0" hostname="ZS-LP-0100" name="com.officemate.qa.testscripts.HomePageTest" tests="3" failures="0" timestamp="05 Nov 2021 07:25:51 GMT" time="95.558" errors="0">
  <testcase name="searchProductWithSku" time="28.569" classname="com.officemate.qa.testscripts.HomePageTest"/>
  <testcase name="searchProductWithSku" time="36.669" classname="com.officemate.qa.testscripts.HomePageTest"/>
  <testcase name="searchProductWithSku" time="30.320" classname="com.officemate.qa.testscripts.HomePageTest"/>
</testsuite> <!-- com.officemate.qa.testscripts.HomePageTest -->
