<?xml version="1.0" encoding="UTF-8"?>
<!-- Generated by org.testng.reporters.JUnitReportReporter -->
<testsuite skipped="0" hostname="ZS-LP-0100" name="com.officemate.qa.testdata.HomePageTest" tests="1" failures="0" timestamp="02 Nov 2021 05:25:48 GMT" time="48.894" errors="0">
  <testcase name="searchProductWithSku" time="48.894" classname="com.officemate.qa.testdata.HomePageTest"/>
</testsuite> <!-- com.officemate.qa.testdata.HomePageTest -->
