<?xml version="1.0" encoding="UTF-8"?>
<!-- Generated by org.testng.reporters.JUnitReportReporter -->
<testsuite skipped="0" hostname="ZS-LP-0100" name="com.officemate.qa.testscripts.ApiTest" tests="4" failures="0" timestamp="05 Nov 2021 07:25:51 GMT" time="10.683" errors="0">
  <testcase name="testResponseCode" time="1.809" classname="com.officemate.qa.testscripts.ApiTest"/>
  <testcase name="testResponseCode" time="1.501" classname="com.officemate.qa.testscripts.ApiTest"/>
  <testcase name="testProductAvailablity" time="5.909" classname="com.officemate.qa.testscripts.ApiTest"/>
  <testcase name="testProductAvailablity" time="1.464" classname="com.officemate.qa.testscripts.ApiTest"/>
</testsuite> <!-- com.officemate.qa.testscripts.ApiTest -->
