<?xml version="1.0" encoding="UTF-8"?>
<!-- Generated by org.testng.reporters.JUnitReportReporter -->
<testsuite skipped="0" hostname="ZS-LP-0100" name="com.officemate.qa.testscripts.ApiTest" tests="4" failures="0" timestamp="05 Nov 2021 09:38:44 GMT" time="7.103" errors="0">
  <testcase name="testProductAvailablity" time="1.627" classname="com.officemate.qa.testscripts.ApiTest"/>
  <testcase name="testProductAvailablity" time="4.495" classname="com.officemate.qa.testscripts.ApiTest"/>
  <testcase name="testResponseCode" time="0.551" classname="com.officemate.qa.testscripts.ApiTest"/>
  <testcase name="testResponseCode" time="0.430" classname="com.officemate.qa.testscripts.ApiTest"/>
</testsuite> <!-- com.officemate.qa.testscripts.ApiTest -->
